-------------------------------------------------------------------------------
Test set: com.mustafazorbaz.homework.HomeworkApplicationTests
-------------------------------------------------------------------------------
Tests run: 1, Failures: 0, Errors: 1, Skipped: 0, Time elapsed: 0.57 s <<< FAILURE! - in com.mustafazorbaz.homework.HomeworkApplicationTests
initializationError(com.mustafazorbaz.homework.HomeworkApplicationTests)  Time elapsed: 0.009 s  <<< ERROR!
java.lang.IllegalStateException: Unable to find a @SpringBootConfiguration, you need to use @ContextConfiguration or @SpringBootTest(classes=...) with your test

